TN:
SF:src/LibStringUtils.sol
FN:10,LibStringUtils.at
FNDA:0,LibStringUtils.at
DA:13,0
BRDA:13,0,0,-
DA:21,0
FN:39,LibStringUtils.charAt
FNDA:0,LibStringUtils.charAt
DA:43,0
FN:61,LibStringUtils.charCodeAt
FNDA:0,LibStringUtils.charCodeAt
DA:70,0
FN:74,LibStringUtils.codePointAt
FNDA:0,LibStringUtils.codePointAt
DA:77,0
BRDA:77,1,0,-
DA:89,0
FN:93,LibStringUtils.endsWith
FNDA:0,LibStringUtils.endsWith
DA:97,0
DA:99,0
BRDA:99,2,0,-
DA:101,0
DA:105,0
BRDA:105,3,0,-
DA:106,0
DA:122,0
BRDA:122,4,0,-
DA:123,0
FN:128,LibStringUtils.startsWith
FNDA:0,LibStringUtils.startsWith
DA:132,0
DA:134,0
BRDA:134,5,0,-
DA:135,0
DA:138,0
BRDA:138,6,0,-
DA:139,0
DA:147,0
BRDA:147,7,0,-
DA:148,0
FN:153,LibStringUtils.substring32
FNDA:0,LibStringUtils.substring32
DA:156,0
BRDA:156,8,0,-
DA:163,0
FN:183,LibStringUtils.substring
FNDA:0,LibStringUtils.substring
DA:186,0
BRDA:186,9,0,-
DA:193,0
FN:215,LibStringUtils.indexOf
FNDA:0,LibStringUtils.indexOf
DA:220,0
DA:239,0
FN:243,LibStringUtils.matches
FNDA:0,LibStringUtils.matches
DA:249,0
DA:250,0
FN:269,LibStringUtils.trimAllWhitespaces
FNDA:0,LibStringUtils.trimAllWhitespaces
DA:272,0
FN:296,LibStringUtils.trimLeft
FNDA:0,LibStringUtils.trimLeft
DA:299,0
DA:302,0
FN:330,LibStringUtils.trimRight
FNDA:0,LibStringUtils.trimRight
DA:333,0
FN:367,LibStringUtils.trim
FNDA:0,LibStringUtils.trim
DA:368,0
DA:369,0
FN:372,LibStringUtils.toUpper
FNDA:0,LibStringUtils.toUpper
DA:375,0
DA:381,0
DA:383,0
DA:396,0
FN:403,LibStringUtils.toLower
FNDA:0,LibStringUtils.toLower
DA:406,0
DA:412,0
DA:414,0
DA:427,0
FN:437,LibStringUtils.split32
FNDA:0,LibStringUtils.split32
DA:447,0
DA:448,0
DA:470,0
DA:508,0
FN:524,LibStringUtils.concatenate
FNDA:0,LibStringUtils.concatenate
DA:530,0
DA:534,0
DA:535,0
FN:561,LibStringUtils.replace
FNDA:0,LibStringUtils.replace
DA:571,0
DA:572,0
DA:573,0
DA:574,0
DA:577,0
BRDA:577,10,0,-
DA:580,0
BRDA:580,11,0,-
DA:581,0
DA:629,0
DA:641,0
FN:646,LibStringUtils.toString
FNDA:0,LibStringUtils.toString
DA:652,0
DA:675,0
FN:681,LibStringUtils.toHexString
FNDA:0,LibStringUtils.toHexString
DA:687,0
DA:711,0
BRDA:711,12,0,-
DA:721,0
DA:724,0
FN:729,LibStringUtils.toHexString
FNDA:0,LibStringUtils.toHexString
DA:735,0
DA:760,0
DA:763,0
FN:768,LibStringUtils.toHexString
FNDA:0,LibStringUtils.toHexString
DA:774,0
DA:796,0
DA:799,0
FNF:23
FNH:0
LF:70
LH:0
BRF:13
BRH:0
end_of_record
